2025-05-02 00:31:51,478 - auth - INFO - Пользователь Sadovnikov уже существует
2025-05-02 00:31:51,478 - auth - INFO - Пользователь Sadovnikov уже существует
2025-05-02 00:31:51,478 - auth - INFO - Пользователь Sadovnikov уже существует
2025-05-02 00:31:51,478 - auth - INFO - Пользователь Sadovnikov уже существует
2025-05-02 00:31:51,478 - auth - INFO - Пользователь Sadovnikov уже существует
2025-05-02 00:31:51,478 - auth - INFO - Пользователь Sadovnikov уже существует
2025-05-02 00:31:51,478 - auth - INFO - Пользователь Sadovnikov уже существует
2025-05-02 00:31:51,478 - auth - INFO - Пользователь Sadovnikov уже существует
2025-05-02 00:31:51,478 - auth - INFO - Пользователь Sadovnikov уже существует
2025-05-02 00:31:51,478 - auth - INFO - Пользователь Sadovnikov уже существует
2025-05-02 00:31:51,478 - auth - INFO - Пользователь Sadovnikov уже существует
2025-05-02 00:31:51,478 - auth - INFO - Пользователь Sadovnikov уже существует
2025-05-02 00:33:34,280 - auth - INFO - Пользователь Sadovnikov уже существует
2025-05-02 00:33:34,280 - auth - INFO - Пользователь Sadovnikov уже существует
2025-05-02 00:33:34,280 - auth - INFO - Пользователь Sadovnikov уже существует
2025-05-02 00:33:34,280 - auth - INFO - Пользователь Sadovnikov уже существует
2025-05-02 00:33:34,280 - auth - INFO - Пользователь Sadovnikov уже существует
2025-05-02 00:33:34,280 - auth - INFO - Пользователь Sadovnikov уже существует
2025-05-02 00:33:34,280 - auth - INFO - Пользователь Sadovnikov уже существует
2025-05-02 00:33:34,280 - auth - INFO - Пользователь Sadovnikov уже существует
2025-05-02 00:33:34,280 - auth - INFO - Пользователь Sadovnikov уже существует
2025-05-02 00:33:34,280 - auth - INFO - Пользователь Sadovnikov уже существует
2025-05-02 00:33:34,280 - auth - INFO - Пользователь Sadovnikov уже существует
2025-05-02 00:33:34,280 - auth - INFO - Пользователь Sadovnikov уже существует
2025-05-02 00:34:47,484 - auth - INFO - Пользователь Sadovnikov уже существует
2025-05-02 00:34:47,484 - auth - INFO - Пользователь Sadovnikov уже существует
2025-05-02 00:34:47,484 - auth - INFO - Пользователь Sadovnikov уже существует
2025-05-02 00:34:47,484 - auth - INFO - Пользователь Sadovnikov уже существует
2025-05-02 00:34:47,484 - auth - INFO - Пользователь Sadovnikov уже существует
2025-05-02 00:34:47,484 - auth - INFO - Пользователь Sadovnikov уже существует
2025-05-02 00:34:47,484 - auth - INFO - Пользователь Sadovnikov уже существует
2025-05-02 00:34:47,484 - auth - INFO - Пользователь Sadovnikov уже существует
2025-05-02 00:34:47,484 - auth - INFO - Пользователь Sadovnikov уже существует
2025-05-02 00:34:47,484 - auth - INFO - Пользователь Sadovnikov уже существует
2025-05-02 00:34:47,484 - auth - INFO - Пользователь Sadovnikov уже существует
2025-05-02 00:34:47,484 - auth - INFO - Пользователь Sadovnikov уже существует
2025-05-02 00:37:09,309 - __main__ - INFO - Starting Uvicorn server...
2025-05-02 00:37:09,313 - main.utils.ssl_utils - INFO - SSL сертификаты в порядке
2025-05-02 00:37:09,315 - __main__ - INFO - SSL/TLS успешно настроен
2025-05-02 00:37:09,315 - __main__ - INFO - Запуск сервера https://192.168.0.133:5000
2025-05-02 00:38:05,356 - __main__ - INFO - Starting Uvicorn server...
2025-05-02 00:38:05,360 - main.utils.ssl_utils - INFO - SSL сертификаты в порядке
2025-05-02 00:38:05,361 - __main__ - INFO - SSL/TLS успешно настроен
2025-05-02 00:38:05,361 - __main__ - INFO - Запуск сервера https://192.168.0.133:5000
